\BOOKMARK [0][-]{chapter*.2}{Contents}{}% 1
\BOOKMARK [0][-]{chapter.1}{Introduction}{}% 2
\BOOKMARK [1][-]{section.1.1}{Background}{chapter.1}% 3
\BOOKMARK [1][-]{section.1.2}{Objective}{chapter.1}% 4
\BOOKMARK [1][-]{section.1.3}{Literature Review}{chapter.1}% 5
\BOOKMARK [0][-]{chapter.2}{Methodology}{}% 6
\BOOKMARK [1][-]{section.2.1}{House model design}{chapter.2}% 7
\BOOKMARK [1][-]{section.2.2}{Arduino design}{chapter.2}% 8
\BOOKMARK [2][-]{subsection.2.2.1}{Circuit Design}{section.2.2}% 9
\BOOKMARK [2][-]{subsection.2.2.2}{Programming}{section.2.2}% 10
\BOOKMARK [1][-]{section.2.3}{Mini-program design}{chapter.2}% 11
\BOOKMARK [2][-]{subsection.2.3.1}{User Interface}{section.2.3}% 12
\BOOKMARK [2][-]{subsection.2.3.2}{HTTP Requests}{section.2.3}% 13
\BOOKMARK [1][-]{section.2.4}{Server design}{chapter.2}% 14
\BOOKMARK [2][-]{subsection.2.4.1}{Database}{section.2.4}% 15
\BOOKMARK [2][-]{subsection.2.4.2}{Web Server}{section.2.4}% 16
\BOOKMARK [0][-]{chapter.3}{Result and Discussion}{}% 17
\BOOKMARK [1][-]{section.3.1}{Testing results}{chapter.3}% 18
\BOOKMARK [1][-]{section.3.2}{Discussion}{chapter.3}% 19
\BOOKMARK [0][-]{chapter.4}{Improvement}{}% 20
\BOOKMARK [0][-]{chapter.5}{Conclusion}{}% 21
\BOOKMARK [0][-]{chapter*.18}{Bibliography}{}% 22
\BOOKMARK [0][-]{section*.19}{Appendices}{}% 23
